<?xml version="1.0" encoding="UTF-8"?>
<!-- Generated by org.testng.reporters.JUnitXMLReporter -->
<testsuite ignored="1" hostname="DESKTOP-IR55ORM" failures="0" tests="1" name="Test" time="9.768" errors="0" timestamp="2025-02-21T22:08:57 IST">
  <testcase classname="testCases.TC002_AccountPage" name="logIn" time="1.962"/>
  <testcase classname="testCases.TC001_AccRegistrationPage" name="verifyaccregistration" time="0.0">
    <ignored/>
  </testcase> <!-- verifyaccregistration -->
</testsuite> <!-- Test -->
