<?xml version="1.0" encoding="UTF-8"?>
<testng-results ignored="0" total="1" passed="1" failed="0" skipped="0">
  <reporter-output>
  </reporter-output>
  <suite started-at="2025-02-21T22:08:46 IST" name="MasterSuite" finished-at="2025-02-21T22:08:56 IST" duration-ms="9768">
    <groups>
      <group name="Master">
        <method signature="TC002_AccountPage.logIn()[pri:0, instance:testCases.TC002_AccountPage@368247b9]" name="logIn" class="testCases.TC002_AccountPage"/>
      </group> <!-- Master -->
      <group name="sanity">
        <method signature="TC002_AccountPage.logIn()[pri:0, instance:testCases.TC002_AccountPage@368247b9]" name="logIn" class="testCases.TC002_AccountPage"/>
      </group> <!-- sanity -->
    </groups>
    <test started-at="2025-02-21T22:08:46 IST" name="Test" finished-at="2025-02-21T22:08:56 IST" duration-ms="9768">
      <class name="testCases.TC002_AccountPage">
        <test-method is-config="true" signature="setup(java.lang.String,java.lang.String)[pri:0, instance:testCases.TC002_AccountPage@368247b9]" started-at="2025-02-21T22:08:47 IST" name="setup" finished-at="2025-02-21T22:08:54 IST" duration-ms="7317" status="PASS">
          <params>
            <param index="0">
              <value>
                <![CDATA[windows]]>
              </value>
            </param>
            <param index="1">
              <value>
                <![CDATA[chrome]]>
              </value>
            </param>
          </params>
          <reporter-output>
          </reporter-output>
        </test-method> <!-- setup -->
        <test-method signature="logIn()[pri:0, instance:testCases.TC002_AccountPage@368247b9]" started-at="2025-02-21T22:08:54 IST" name="logIn" finished-at="2025-02-21T22:08:56 IST" duration-ms="1962" status="PASS">
          <reporter-output>
          </reporter-output>
        </test-method> <!-- logIn -->
      </class> <!-- testCases.TC002_AccountPage -->
    </test> <!-- Test -->
  </suite> <!-- MasterSuite -->
</testng-results>
